\BOOKMARK [0][-]{chapter.1}{\376\377\000m\000a\000i\000n\000\040\000p\000a\000c\000k\000a\000g\000e}{}% 1
\BOOKMARK [1][-]{section.1.1}{\376\377\000S\000u\000b\000p\000a\000c\000k\000a\000g\000e\000s}{chapter.1}% 2
\BOOKMARK [2][-]{subsection.1.1.1}{\376\377\000m\000a\000i\000n\000.\000D\000o\000x\000y\000g\000e\000n\000W\000a\000r\000n\000i\000n\000g\000F\000i\000x\000e\000r\000\040\000p\000a\000c\000k\000a\000g\000e}{section.1.1}% 3
\BOOKMARK [3][-]{subsubsection.1.1.1.1}{\376\377\000S\000u\000b\000m\000o\000d\000u\000l\000e\000s}{subsection.1.1.1}% 4
\BOOKMARK [3][-]{subsubsection.1.1.1.2}{\376\377\000m\000a\000i\000n\000.\000D\000o\000x\000y\000g\000e\000n\000W\000a\000r\000n\000i\000n\000g\000F\000i\000x\000e\000r\000.\000d\000o\000x\000y\000g\000e\000n\000\137\000w\000a\000r\000n\000i\000n\000g\000\137\000f\000i\000x\000e\000r\000\040\000m\000o\000d\000u\000l\000e}{subsection.1.1.1}% 5
\BOOKMARK [4][-]{paragraph*.4}{\376\377\000M\000e\000t\000h\000o\000d\000s}{subsubsection.1.1.1.2}% 6
\BOOKMARK [5][-]{subparagraph*.6}{\376\377\000P\000a\000r\000a\000m\000e\000t\000e\000r\000s}{paragraph*.4}% 7
\BOOKMARK [3][-]{subsubsection.1.1.1.3}{\376\377\000M\000o\000d\000u\000l\000e\000\040\000c\000o\000n\000t\000e\000n\000t\000s}{subsection.1.1.1}% 8
\BOOKMARK [2][-]{subsection.1.1.2}{\376\377\000m\000a\000i\000n\000.\000a\000i\000\137\000d\000o\000x\000y\000g\000e\000n\000\137\000c\000l\000e\000a\000n\000e\000r\000\040\000p\000a\000c\000k\000a\000g\000e}{section.1.1}% 9
\BOOKMARK [3][-]{subsubsection.1.1.2.1}{\376\377\000S\000u\000b\000m\000o\000d\000u\000l\000e\000s}{subsection.1.1.2}% 10
\BOOKMARK [3][-]{subsubsection.1.1.2.2}{\376\377\000m\000a\000i\000n\000.\000a\000i\000\137\000d\000o\000x\000y\000g\000e\000n\000\137\000c\000l\000e\000a\000n\000e\000r\000.\000a\000i\000\137\000d\000o\000x\000y\000g\000e\000n\000\137\000c\000l\000e\000a\000n\000e\000r\000\040\000m\000o\000d\000u\000l\000e}{subsection.1.1.2}% 11
\BOOKMARK [4][-]{paragraph*.10}{\376\377\000M\000e\000t\000h\000o\000d\000s}{subsubsection.1.1.2.2}% 12
\BOOKMARK [5][-]{subparagraph*.19}{\376\377\000P\000r\000i\000n\000t\000s\000:}{paragraph*.10}% 13
\BOOKMARK [3][-]{subsubsection.1.1.2.3}{\376\377\000M\000o\000d\000u\000l\000e\000\040\000c\000o\000n\000t\000e\000n\000t\000s}{subsection.1.1.2}% 14
\BOOKMARK [2][-]{subsection.1.1.3}{\376\377\000m\000a\000i\000n\000.\000a\000i\000\137\000l\000a\000n\000g\000u\000a\000g\000e\000\137\000m\000o\000d\000e\000l\000\040\000p\000a\000c\000k\000a\000g\000e}{section.1.1}% 15
\BOOKMARK [3][-]{subsubsection.1.1.3.1}{\376\377\000S\000u\000b\000m\000o\000d\000u\000l\000e\000s}{subsection.1.1.3}% 16
\BOOKMARK [3][-]{subsubsection.1.1.3.2}{\376\377\000m\000a\000i\000n\000.\000a\000i\000\137\000l\000a\000n\000g\000u\000a\000g\000e\000\137\000m\000o\000d\000e\000l\000.\000a\000i\000\137\000l\000a\000n\000g\000u\000a\000g\000e\000\137\000m\000o\000d\000e\000l\000\040\000m\000o\000d\000u\000l\000e}{subsection.1.1.3}% 17
\BOOKMARK [4][-]{paragraph*.21}{\376\377\000A\000t\000t\000r\000i\000b\000u\000t\000e\000s}{subsubsection.1.1.3.2}% 18
\BOOKMARK [4][-]{paragraph*.22}{\376\377\000M\000e\000t\000h\000o\000d\000s}{subsubsection.1.1.3.2}% 19
\BOOKMARK [5][-]{subparagraph*.25}{\376\377\000P\000a\000r\000a\000m\000e\000t\000e\000r\000s}{paragraph*.22}% 20
\BOOKMARK [5][-]{subparagraph*.26}{\376\377\000R\000e\000t\000u\000r\000n\000s}{paragraph*.22}% 21
\BOOKMARK [3][-]{subsubsection.1.1.3.3}{\376\377\000M\000o\000d\000u\000l\000e\000\040\000c\000o\000n\000t\000e\000n\000t\000s}{subsection.1.1.3}% 22
\BOOKMARK [2][-]{subsection.1.1.4}{\376\377\000m\000a\000i\000n\000.\000c\000o\000n\000f\000i\000g\000\040\000p\000a\000c\000k\000a\000g\000e}{section.1.1}% 23
\BOOKMARK [3][-]{subsubsection.1.1.4.1}{\376\377\000S\000u\000b\000m\000o\000d\000u\000l\000e\000s}{subsection.1.1.4}% 24
\BOOKMARK [3][-]{subsubsection.1.1.4.2}{\376\377\000m\000a\000i\000n\000.\000c\000o\000n\000f\000i\000g\000.\000c\000o\000n\000f\000i\000g\000\137\000p\000a\000t\000h\000s\000\040\000m\000o\000d\000u\000l\000e}{subsection.1.1.4}% 25
\BOOKMARK [3][-]{subsubsection.1.1.4.3}{\376\377\000m\000a\000i\000n\000.\000c\000o\000n\000f\000i\000g\000.\000c\000o\000n\000f\000i\000g\000\137\000v\000a\000r\000i\000a\000b\000l\000e\000s\000\040\000m\000o\000d\000u\000l\000e}{subsection.1.1.4}% 26
\BOOKMARK [3][-]{subsubsection.1.1.4.4}{\376\377\000M\000o\000d\000u\000l\000e\000\040\000c\000o\000n\000t\000e\000n\000t\000s}{subsection.1.1.4}% 27
\BOOKMARK [2][-]{subsection.1.1.5}{\376\377\000m\000a\000i\000n\000.\000d\000a\000t\000a\000\040\000p\000a\000c\000k\000a\000g\000e}{section.1.1}% 28
\BOOKMARK [3][-]{subsubsection.1.1.5.1}{\376\377\000M\000o\000d\000u\000l\000e\000\040\000c\000o\000n\000t\000e\000n\000t\000s}{subsection.1.1.5}% 29
\BOOKMARK [2][-]{subsection.1.1.6}{\376\377\000m\000a\000i\000n\000.\000d\000b\000\137\000o\000p\000e\000r\000a\000t\000i\000o\000n\000s\000\040\000p\000a\000c\000k\000a\000g\000e}{section.1.1}% 30
\BOOKMARK [3][-]{subsubsection.1.1.6.1}{\376\377\000S\000u\000b\000m\000o\000d\000u\000l\000e\000s}{subsection.1.1.6}% 31
\BOOKMARK [3][-]{subsubsection.1.1.6.2}{\376\377\000m\000a\000i\000n\000.\000d\000b\000\137\000o\000p\000e\000r\000a\000t\000i\000o\000n\000s\000.\000d\000b\000\137\000i\000n\000s\000e\000r\000t\000i\000o\000n\000\137\000h\000a\000n\000d\000l\000e\000r\000\040\000m\000o\000d\000u\000l\000e}{subsection.1.1.6}% 32
\BOOKMARK [4][-]{paragraph*.30}{\376\377\000A\000t\000t\000r\000i\000b\000u\000t\000e\000s}{subsubsection.1.1.6.2}% 33
\BOOKMARK [4][-]{paragraph*.31}{\376\377\000M\000e\000t\000h\000o\000d\000s}{subsubsection.1.1.6.2}% 34
\BOOKMARK [5][-]{subparagraph*.33}{\376\377\000R\000a\000i\000s\000e\000s}{paragraph*.31}% 35
\BOOKMARK [5][-]{subparagraph*.35}{\376\377\000R\000a\000i\000s\000e\000s}{paragraph*.31}% 36
\BOOKMARK [5][-]{subparagraph*.37}{\376\377\000P\000a\000r\000a\000m\000e\000t\000e\000r\000s}{paragraph*.31}% 37
\BOOKMARK [5][-]{subparagraph*.38}{\376\377\000R\000a\000i\000s\000e\000s}{paragraph*.31}% 38
\BOOKMARK [5][-]{subparagraph*.40}{\376\377\000R\000a\000i\000s\000e\000s}{paragraph*.31}% 39
\BOOKMARK [5][-]{subparagraph*.42}{\376\377\000P\000a\000r\000a\000m\000e\000t\000e\000r\000s}{paragraph*.31}% 40
\BOOKMARK [5][-]{subparagraph*.43}{\376\377\000R\000a\000i\000s\000e\000s}{paragraph*.31}% 41
\BOOKMARK [5][-]{subparagraph*.45}{\376\377\000P\000a\000r\000a\000m\000e\000t\000e\000r\000s}{paragraph*.31}% 42
\BOOKMARK [5][-]{subparagraph*.46}{\376\377\000R\000a\000i\000s\000e\000s}{paragraph*.31}% 43
\BOOKMARK [5][-]{subparagraph*.48}{\376\377\000P\000a\000r\000a\000m\000e\000t\000e\000r\000s}{paragraph*.31}% 44
\BOOKMARK [5][-]{subparagraph*.49}{\376\377\000R\000a\000i\000s\000e\000s}{paragraph*.31}% 45
\BOOKMARK [5][-]{subparagraph*.52}{\376\377\000R\000a\000i\000s\000e\000s}{paragraph*.31}% 46
\BOOKMARK [5][-]{subparagraph*.54}{\376\377\000R\000a\000i\000s\000e\000s}{paragraph*.31}% 47
\BOOKMARK [5][-]{subparagraph*.56}{\376\377\000P\000a\000r\000a\000m\000e\000t\000e\000r\000s}{paragraph*.31}% 48
\BOOKMARK [5][-]{subparagraph*.57}{\376\377\000R\000a\000i\000s\000e\000s}{paragraph*.31}% 49
\BOOKMARK [3][-]{subsubsection.1.1.6.3}{\376\377\000M\000o\000d\000u\000l\000e\000\040\000c\000o\000n\000t\000e\000n\000t\000s}{subsection.1.1.6}% 50
\BOOKMARK [2][-]{subsection.1.1.7}{\376\377\000m\000a\000i\000n\000.\000d\000o\000x\000y\000\137\000w\000a\000r\000n\000i\000n\000g\000\137\000p\000o\000s\000t\000\137\000p\000r\000o\000c\000e\000s\000s\000o\000r\000\040\000p\000a\000c\000k\000a\000g\000e}{section.1.1}% 51
\BOOKMARK [3][-]{subsubsection.1.1.7.1}{\376\377\000S\000u\000b\000m\000o\000d\000u\000l\000e\000s}{subsection.1.1.7}% 52
\BOOKMARK [3][-]{subsubsection.1.1.7.2}{\376\377\000m\000a\000i\000n\000.\000d\000o\000x\000y\000\137\000w\000a\000r\000n\000i\000n\000g\000\137\000p\000o\000s\000t\000\137\000p\000r\000o\000c\000e\000s\000s\000o\000r\000.\000d\000o\000x\000y\000\137\000w\000a\000r\000n\000i\000n\000g\000\137\000p\000o\000s\000t\000\137\000p\000r\000o\000c\000e\000s\000s\000o\000r\000\040\000m\000o\000d\000u\000l\000e}{subsection.1.1.7}% 53
\BOOKMARK [4][-]{paragraph*.59}{\376\377\000M\000e\000t\000h\000o\000d\000s}{subsubsection.1.1.7.2}% 54
\BOOKMARK [5][-]{subparagraph*.62}{\376\377\000R\000e\000t\000u\000r\000n\000s}{paragraph*.59}% 55
\BOOKMARK [3][-]{subsubsection.1.1.7.3}{\376\377\000M\000o\000d\000u\000l\000e\000\040\000c\000o\000n\000t\000e\000n\000t\000s}{subsection.1.1.7}% 56
\BOOKMARK [2][-]{subsection.1.1.8}{\376\377\000m\000a\000i\000n\000.\000d\000o\000x\000y\000g\000e\000n\000\137\000m\000a\000n\000a\000g\000e\000m\000e\000n\000t\000\040\000p\000a\000c\000k\000a\000g\000e}{section.1.1}% 57
\BOOKMARK [3][-]{subsubsection.1.1.8.1}{\376\377\000S\000u\000b\000m\000o\000d\000u\000l\000e\000s}{subsection.1.1.8}% 58
\BOOKMARK [3][-]{subsubsection.1.1.8.2}{\376\377\000m\000a\000i\000n\000.\000d\000o\000x\000y\000g\000e\000n\000\137\000m\000a\000n\000a\000g\000e\000m\000e\000n\000t\000.\000d\000o\000x\000y\000\137\000w\000a\000r\000n\000i\000n\000g\000\137\000d\000e\000t\000e\000c\000t\000o\000r\000\040\000m\000o\000d\000u\000l\000e}{subsection.1.1.8}% 59
\BOOKMARK [4][-]{paragraph*.64}{\376\377\000A\000t\000t\000r\000i\000b\000u\000t\000e\000s}{subsubsection.1.1.8.2}% 60
\BOOKMARK [4][-]{paragraph*.65}{\376\377\000M\000e\000t\000h\000o\000d\000s}{subsubsection.1.1.8.2}% 61
\BOOKMARK [5][-]{subparagraph*.67}{\376\377\000R\000e\000t\000u\000r\000n\000s}{paragraph*.65}% 62
\BOOKMARK [5][-]{subparagraph*.69}{\376\377\000P\000a\000r\000a\000m\000e\000t\000e\000r\000s}{paragraph*.65}% 63
\BOOKMARK [5][-]{subparagraph*.70}{\376\377\000R\000e\000t\000u\000r\000n\000s}{paragraph*.65}% 64
\BOOKMARK [5][-]{subparagraph*.72}{\376\377\000P\000a\000r\000a\000m\000e\000t\000e\000r\000s}{paragraph*.65}% 65
\BOOKMARK [5][-]{subparagraph*.73}{\376\377\000R\000e\000t\000u\000r\000n\000s}{paragraph*.65}% 66
\BOOKMARK [5][-]{subparagraph*.75}{\376\377\000R\000e\000t\000u\000r\000n\000s}{paragraph*.65}% 67
\BOOKMARK [5][-]{subparagraph*.77}{\376\377\000P\000a\000r\000a\000m\000e\000t\000e\000r\000s}{paragraph*.65}% 68
\BOOKMARK [5][-]{subparagraph*.78}{\376\377\000R\000e\000t\000u\000r\000n\000s}{paragraph*.65}% 69
\BOOKMARK [3][-]{subsubsection.1.1.8.3}{\376\377\000m\000a\000i\000n\000.\000d\000o\000x\000y\000g\000e\000n\000\137\000m\000a\000n\000a\000g\000e\000m\000e\000n\000t\000.\000d\000o\000x\000y\000f\000i\000l\000e\000\137\000c\000o\000n\000f\000i\000g\000u\000r\000a\000t\000o\000r\000\040\000m\000o\000d\000u\000l\000e}{subsection.1.1.8}% 70
\BOOKMARK [4][-]{paragraph*.80}{\376\377\000M\000e\000t\000h\000o\000d\000s}{subsubsection.1.1.8.3}% 71
\BOOKMARK [5][-]{subparagraph*.82}{\376\377\000P\000a\000r\000a\000m\000e\000t\000e\000r\000s}{paragraph*.80}% 72
\BOOKMARK [5][-]{subparagraph*.83}{\376\377\000R\000e\000t\000u\000r\000n\000s}{paragraph*.80}% 73
\BOOKMARK [5][-]{subparagraph*.85}{\376\377\000P\000a\000r\000a\000m\000e\000t\000e\000r\000s}{paragraph*.80}% 74
\BOOKMARK [5][-]{subparagraph*.87}{\376\377\000P\000a\000r\000a\000m\000e\000t\000e\000r\000s}{paragraph*.80}% 75
\BOOKMARK [5][-]{subparagraph*.88}{\376\377\000R\000a\000i\000s\000e\000s}{paragraph*.80}% 76
\BOOKMARK [5][-]{subparagraph*.90}{\376\377\000P\000a\000r\000a\000m\000e\000t\000e\000r\000s}{paragraph*.80}% 77
\BOOKMARK [5][-]{subparagraph*.91}{\376\377\000R\000e\000t\000u\000r\000n\000s}{paragraph*.80}% 78
\BOOKMARK [5][-]{subparagraph*.93}{\376\377\000P\000a\000r\000a\000m\000e\000t\000e\000r\000s}{paragraph*.80}% 79
\BOOKMARK [5][-]{subparagraph*.94}{\376\377\000R\000e\000t\000u\000r\000n\000s}{paragraph*.80}% 80
\BOOKMARK [5][-]{subparagraph*.96}{\376\377\000P\000a\000r\000a\000m\000e\000t\000e\000r\000s}{paragraph*.80}% 81
\BOOKMARK [5][-]{subparagraph*.97}{\376\377\000R\000a\000i\000s\000e\000s}{paragraph*.80}% 82
\BOOKMARK [3][-]{subsubsection.1.1.8.4}{\376\377\000m\000a\000i\000n\000.\000d\000o\000x\000y\000g\000e\000n\000\137\000m\000a\000n\000a\000g\000e\000m\000e\000n\000t\000.\000f\000i\000l\000e\000\137\000h\000a\000n\000d\000l\000e\000r\000\040\000m\000o\000d\000u\000l\000e}{subsection.1.1.8}% 83
\BOOKMARK [4][-]{paragraph*.99}{\376\377\000M\000e\000t\000h\000o\000d\000s}{subsubsection.1.1.8.4}% 84
\BOOKMARK [5][-]{subparagraph*.101}{\376\377\000P\000a\000r\000a\000m\000e\000t\000e\000r\000s}{paragraph*.99}% 85
\BOOKMARK [5][-]{subparagraph*.102}{\376\377\000R\000e\000t\000u\000r\000n\000s}{paragraph*.99}% 86
\BOOKMARK [5][-]{subparagraph*.104}{\376\377\000P\000a\000r\000a\000m\000e\000t\000e\000r\000s}{paragraph*.99}% 87
\BOOKMARK [5][-]{subparagraph*.105}{\376\377\000R\000e\000t\000u\000r\000n\000s}{paragraph*.99}% 88
\BOOKMARK [5][-]{subparagraph*.107}{\376\377\000P\000a\000r\000a\000m\000e\000t\000e\000r\000s}{paragraph*.99}% 89
\BOOKMARK [5][-]{subparagraph*.108}{\376\377\000R\000e\000t\000u\000r\000n\000s}{paragraph*.99}% 90
\BOOKMARK [5][-]{subparagraph*.110}{\376\377\000P\000a\000r\000a\000m\000e\000t\000e\000r\000s}{paragraph*.99}% 91
\BOOKMARK [5][-]{subparagraph*.112}{\376\377\000P\000a\000r\000a\000m\000e\000t\000e\000r\000s}{paragraph*.99}% 92
\BOOKMARK [3][-]{subsubsection.1.1.8.5}{\376\377\000M\000o\000d\000u\000l\000e\000\040\000c\000o\000n\000t\000e\000n\000t\000s}{subsection.1.1.8}% 93
\BOOKMARK [2][-]{subsection.1.1.9}{\376\377\000m\000a\000i\000n\000.\000e\000r\000r\000o\000r\000\137\000h\000a\000n\000d\000l\000e\000r\000\040\000p\000a\000c\000k\000a\000g\000e}{section.1.1}% 94
\BOOKMARK [3][-]{subsubsection.1.1.9.1}{\376\377\000S\000u\000b\000m\000o\000d\000u\000l\000e\000s}{subsection.1.1.9}% 95
\BOOKMARK [3][-]{subsubsection.1.1.9.2}{\376\377\000m\000a\000i\000n\000.\000e\000r\000r\000o\000r\000\137\000h\000a\000n\000d\000l\000e\000r\000.\000e\000r\000r\000o\000r\000\137\000h\000a\000n\000d\000l\000e\000r\000\040\000m\000o\000d\000u\000l\000e}{subsection.1.1.9}% 96
\BOOKMARK [4][-]{paragraph*.114}{\376\377\000S\000t\000a\000t\000i\000c\000\040\000m\000e\000t\000h\000o\000d\000s}{subsubsection.1.1.9.2}% 97
\BOOKMARK [5][-]{subparagraph*.116}{\376\377\000P\000a\000r\000a\000m\000e\000t\000e\000r\000s}{paragraph*.114}% 98
\BOOKMARK [5][-]{subparagraph*.117}{\376\377\000R\000a\000i\000s\000e\000s}{paragraph*.114}% 99
\BOOKMARK [5][-]{subparagraph*.119}{\376\377\000P\000a\000r\000a\000m\000e\000t\000e\000r\000s}{paragraph*.114}% 100
\BOOKMARK [5][-]{subparagraph*.121}{\376\377\000P\000a\000r\000a\000m\000e\000t\000e\000r\000s}{paragraph*.114}% 101
\BOOKMARK [3][-]{subsubsection.1.1.9.3}{\376\377\000M\000o\000d\000u\000l\000e\000\040\000c\000o\000n\000t\000e\000n\000t\000s}{subsection.1.1.9}% 102
\BOOKMARK [2][-]{subsection.1.1.10}{\376\377\000m\000a\000i\000n\000.\000p\000r\000i\000n\000t\000\137\000d\000a\000t\000a\000\040\000p\000a\000c\000k\000a\000g\000e}{section.1.1}% 103
\BOOKMARK [3][-]{subsubsection.1.1.10.1}{\376\377\000S\000u\000b\000m\000o\000d\000u\000l\000e\000s}{subsection.1.1.10}% 104
\BOOKMARK [3][-]{subsubsection.1.1.10.2}{\376\377\000m\000a\000i\000n\000.\000p\000r\000i\000n\000t\000\137\000d\000a\000t\000a\000.\000p\000r\000i\000n\000t\000\137\000d\000a\000t\000a\000\040\000m\000o\000d\000u\000l\000e}{subsection.1.1.10}% 105
\BOOKMARK [4][-]{paragraph*.123}{\376\377\000P\000a\000r\000a\000m\000e\000t\000e\000r\000s}{subsubsection.1.1.10.2}% 106
\BOOKMARK [4][-]{paragraph*.124}{\376\377\000R\000e\000t\000u\000r\000n\000s}{subsubsection.1.1.10.2}% 107
\BOOKMARK [4][-]{paragraph*.126}{\376\377\000P\000a\000r\000a\000m\000e\000t\000e\000r\000s}{subsubsection.1.1.10.2}% 108
\BOOKMARK [4][-]{paragraph*.127}{\376\377\000R\000e\000t\000u\000r\000n\000s}{subsubsection.1.1.10.2}% 109
\BOOKMARK [3][-]{subsubsection.1.1.10.3}{\376\377\000M\000o\000d\000u\000l\000e\000\040\000c\000o\000n\000t\000e\000n\000t\000s}{subsection.1.1.10}% 110
\BOOKMARK [2][-]{subsection.1.1.11}{\376\377\000m\000a\000i\000n\000.\000t\000r\000a\000n\000s\000p\000o\000r\000t\000\137\000d\000a\000t\000a\000\040\000p\000a\000c\000k\000a\000g\000e}{section.1.1}% 111
\BOOKMARK [3][-]{subsubsection.1.1.11.1}{\376\377\000S\000u\000b\000m\000o\000d\000u\000l\000e\000s}{subsection.1.1.11}% 112
\BOOKMARK [3][-]{subsubsection.1.1.11.2}{\376\377\000m\000a\000i\000n\000.\000t\000r\000a\000n\000s\000p\000o\000r\000t\000\137\000d\000a\000t\000a\000.\000t\000r\000a\000n\000s\000p\000o\000r\000t\000\137\000d\000a\000t\000a\000\040\000m\000o\000d\000u\000l\000e}{subsection.1.1.11}% 113
\BOOKMARK [4][-]{paragraph*.129}{\376\377\000P\000a\000r\000a\000m\000e\000t\000e\000r\000s}{subsubsection.1.1.11.2}% 114
\BOOKMARK [4][-]{paragraph*.131}{\376\377\000P\000a\000r\000a\000m\000e\000t\000e\000r\000s}{subsubsection.1.1.11.2}% 115
\BOOKMARK [4][-]{paragraph*.132}{\376\377\000R\000e\000t\000u\000r\000n\000s}{subsubsection.1.1.11.2}% 116
\BOOKMARK [4][-]{paragraph*.134}{\376\377\000R\000e\000t\000u\000r\000n\000s}{subsubsection.1.1.11.2}% 117
\BOOKMARK [4][-]{paragraph*.136}{\376\377\000R\000e\000t\000u\000r\000n\000s}{subsubsection.1.1.11.2}% 118
\BOOKMARK [4][-]{paragraph*.138}{\376\377\000P\000a\000r\000a\000m\000e\000t\000e\000r\000s}{subsubsection.1.1.11.2}% 119
\BOOKMARK [3][-]{subsubsection.1.1.11.3}{\376\377\000M\000o\000d\000u\000l\000e\000\040\000c\000o\000n\000t\000e\000n\000t\000s}{subsection.1.1.11}% 120
\BOOKMARK [2][-]{subsection.1.1.12}{\376\377\000m\000a\000i\000n\000.\000u\000t\000i\000l\000s\000\040\000p\000a\000c\000k\000a\000g\000e}{section.1.1}% 121
\BOOKMARK [3][-]{subsubsection.1.1.12.1}{\376\377\000S\000u\000b\000m\000o\000d\000u\000l\000e\000s}{subsection.1.1.12}% 122
\BOOKMARK [3][-]{subsubsection.1.1.12.2}{\376\377\000m\000a\000i\000n\000.\000u\000t\000i\000l\000s\000.\000r\000u\000n\000t\000i\000m\000e\000\137\000m\000e\000a\000s\000u\000r\000e\000m\000e\000n\000t\000\040\000m\000o\000d\000u\000l\000e}{subsection.1.1.12}% 123
\BOOKMARK [3][-]{subsubsection.1.1.12.3}{\376\377\000m\000a\000i\000n\000.\000u\000t\000i\000l\000s\000.\000u\000t\000i\000l\000s\000\040\000m\000o\000d\000u\000l\000e}{subsection.1.1.12}% 124
\BOOKMARK [4][-]{paragraph*.145}{\376\377\000P\000a\000r\000a\000m\000e\000t\000e\000r\000s}{subsubsection.1.1.12.3}% 125
\BOOKMARK [4][-]{paragraph*.146}{\376\377\000R\000e\000t\000u\000r\000n\000s}{subsubsection.1.1.12.3}% 126
\BOOKMARK [4][-]{paragraph*.150}{\376\377\000P\000a\000r\000a\000m\000e\000t\000e\000r\000s}{subsubsection.1.1.12.3}% 127
\BOOKMARK [4][-]{paragraph*.151}{\376\377\000R\000a\000i\000s\000e\000s}{subsubsection.1.1.12.3}% 128
\BOOKMARK [4][-]{paragraph*.152}{\376\377\000E\000x\000a\000m\000p\000l\000e\000s}{subsubsection.1.1.12.3}% 129
\BOOKMARK [3][-]{subsubsection.1.1.12.4}{\376\377\000M\000o\000d\000u\000l\000e\000\040\000c\000o\000n\000t\000e\000n\000t\000s}{subsection.1.1.12}% 130
\BOOKMARK [1][-]{section.1.2}{\376\377\000S\000u\000b\000m\000o\000d\000u\000l\000e\000s}{chapter.1}% 131
\BOOKMARK [1][-]{section.1.3}{\376\377\000m\000a\000i\000n\000.\000m\000a\000i\000n\000\040\000m\000o\000d\000u\000l\000e}{chapter.1}% 132
\BOOKMARK [1][-]{section.1.4}{\376\377\000M\000o\000d\000u\000l\000e\000\040\000c\000o\000n\000t\000e\000n\000t\000s}{chapter.1}% 133
\BOOKMARK [0][-]{chapter.2}{\376\377\000I\000n\000d\000i\000c\000e\000s\000\040\000a\000n\000d\000\040\000t\000a\000b\000l\000e\000s}{}% 134
\BOOKMARK [0][-]{section*.153}{\376\377\000P\000y\000t\000h\000o\000n\000\040\000M\000o\000d\000u\000l\000e\000\040\000I\000n\000d\000e\000x}{}% 135
\BOOKMARK [0][-]{section*.154}{\376\377\000I\000n\000d\000e\000x}{}% 136
